TN:
SF:/Users/elvingomez/3lv27/iotverse/iotverse-db/index.js
FN:9,(anonymous_0)
FNF:1
FNH:1
FNDA:4,(anonymous_0)
DA:3,4
DA:4,4
DA:5,4
DA:6,4
DA:7,4
DA:9,4
DA:10,4
DA:22,4
DA:23,4
DA:24,4
DA:27,4
DA:28,4
DA:31,4
DA:34,4
DA:35,0
DA:38,4
DA:39,4
DA:41,4
LF:18
LH:17
BRDA:34,0,0,0
BRDA:34,0,1,4
BRF:2
BRH:1
end_of_record
TN:
SF:/Users/elvingomez/3lv27/iotverse/iotverse-db/lib/agent.js
FN:3,setupAgent
FN:4,createOrUpdate
FN:23,findById
FNF:3
FNH:3
FNDA:4,setupAgent
FNDA:1,createOrUpdate
FNDA:1,findById
DA:3,1
DA:5,1
DA:11,1
DA:13,1
DA:14,1
DA:15,1
DA:18,0
DA:19,0
DA:24,1
DA:27,4
LF:10
LH:8
BRDA:13,0,0,1
BRDA:13,0,1,0
BRDA:15,1,0,1
BRDA:15,1,1,0
BRF:4
BRH:2
end_of_record
TN:
SF:/Users/elvingomez/3lv27/iotverse/iotverse-db/lib/db.js
FN:6,setupDatabase
FNF:1
FNH:1
FNDA:4,setupDatabase
DA:3,1
DA:4,1
DA:6,1
DA:7,4
DA:8,1
DA:10,4
LF:6
LH:6
BRDA:7,0,0,1
BRDA:7,0,1,3
BRF:2
BRH:2
end_of_record
TN:
SF:/Users/elvingomez/3lv27/iotverse/iotverse-db/models/agent.js
FN:6,setupAgentModel
FNF:1
FNH:0
FNDA:0,setupAgentModel
DA:3,1
DA:4,1
DA:6,1
DA:7,0
DA:9,0
LF:5
LH:3
BRF:0
BRH:0
end_of_record
TN:
SF:/Users/elvingomez/3lv27/iotverse/iotverse-db/models/metric.js
FN:6,setupMetricModel
FNF:1
FNH:0
FNDA:0,setupMetricModel
DA:3,1
DA:4,1
DA:6,1
DA:7,0
DA:9,0
LF:5
LH:3
BRF:0
BRH:0
end_of_record
TN:
SF:/Users/elvingomez/3lv27/iotverse/iotverse-db/tests/agent-test.js
FN:31,(anonymous_4)
FN:51,(anonymous_5)
FN:52,(anonymous_6)
FN:58,(anonymous_7)
FN:62,(anonymous_8)
FN:66,(anonymous_9)
FN:73,(anonymous_10)
FN:83,(anonymous_11)
FNF:8
FNH:8
FNDA:4,(anonymous_4)
FNDA:4,(anonymous_5)
FNDA:4,(anonymous_6)
FNDA:4,(anonymous_7)
FNDA:1,(anonymous_8)
FNDA:1,(anonymous_9)
FNDA:1,(anonymous_10)
FNDA:1,(anonymous_11)
DA:3,1
DA:4,1
DA:5,1
DA:7,1
DA:9,1
DA:13,1
DA:18,1
DA:19,1
DA:20,1
DA:21,1
DA:22,1
DA:23,1
DA:25,1
DA:31,1
DA:32,4
DA:34,4
DA:39,4
DA:40,4
DA:43,4
DA:44,4
DA:47,4
DA:48,4
DA:50,4
DA:51,4
DA:52,4
DA:55,4
DA:58,1
DA:59,4
DA:62,1
DA:63,1
DA:66,4
DA:67,1
DA:68,1
DA:69,1
DA:70,1
DA:73,3
DA:74,1
DA:76,1
DA:77,1
DA:78,1
DA:80,1
DA:83,6
DA:84,1
DA:86,1
DA:87,1
DA:88,1
DA:89,1
DA:90,1
DA:91,1
DA:93,1
LF:50
LH:50
BRDA:59,0,0,4
BRDA:59,0,1,4
BRF:2
BRH:2
end_of_record
TN:
SF:/Users/elvingomez/3lv27/iotverse/iotverse-db/tests/fixtures/agent.js
FN:22,extend
FN:30,(anonymous_1)
FN:31,(anonymous_2)
FN:32,(anonymous_3)
FN:32,(anonymous_4)
FN:33,(anonymous_5)
FN:33,(anonymous_6)
FNF:7
FNH:7
FNDA:3,extend
FNDA:4,(anonymous_1)
FNDA:4,(anonymous_2)
FNDA:4,(anonymous_3)
FNDA:16,(anonymous_4)
FNDA:5,(anonymous_5)
FNDA:20,(anonymous_6)
DA:3,1
DA:15,1
DA:23,3
DA:24,3
DA:27,1
DA:30,4
DA:31,4
DA:32,16
DA:33,20
LF:9
LH:9
BRF:0
BRH:0
end_of_record
